[2014-07-09 16:03:06] production.ERROR: exception 'Illuminate\Database\QueryException' with message 'SQLSTATE[42S02]: Base table or view not found: 1146 Table 'smartshop2.tbl_product_color' doesn't exist (SQL: select * from `tbl_product_color` order by `color_name` asc)' in C:\wamp\www\SmartShop\vendor\laravel\framework\src\Illuminate\Database\Connection.php:555
Stack trace:
#0 C:\wamp\www\SmartShop\vendor\laravel\framework\src\Illuminate\Database\Connection.php(283): Illuminate\Database\Connection->run('select * from `...', Array, Object(Closure))
#1 C:\wamp\www\SmartShop\vendor\laravel\framework\src\Illuminate\Database\Query\Builder.php(1291): Illuminate\Database\Connection->select('select * from `...', Array)
#2 C:\wamp\www\SmartShop\vendor\laravel\framework\src\Illuminate\Database\Query\Builder.php(1281): Illuminate\Database\Query\Builder->runSelect()
#3 C:\wamp\www\SmartShop\vendor\laravel\framework\src\Illuminate\Database\Query\Builder.php(1268): Illuminate\Database\Query\Builder->getFresh(Array)
#4 C:\wamp\www\SmartShop\vendor\laravel\framework\src\Illuminate\Database\Eloquent\Builder.php(446): Illuminate\Database\Query\Builder->get(Array)
#5 C:\wamp\www\SmartShop\vendor\laravel\framework\src\Illuminate\Database\Eloquent\Builder.php(137): Illuminate\Database\Eloquent\Builder->getModels(Array)
#6 C:\wamp\www\SmartShop\app\models\backend\tblColorModel.php(49): Illuminate\Database\Eloquent\Builder->get()
#7 C:\wamp\www\SmartShop\app\controllers\backend\ProductController.php(46): BackEnd\tblColorModel->selectAllColorNoPaginate()
#8 [internal function]: BackEnd\ProductController->getProductAdd()
#9 C:\wamp\www\SmartShop\vendor\laravel\framework\src\Illuminate\Routing\Controller.php(231): call_user_func_array(Array, Array)
#10 C:\wamp\www\SmartShop\vendor\laravel\framework\src\Illuminate\Routing\ControllerDispatcher.php(93): Illuminate\Routing\Controller->callAction('getProductAdd', Array)
#11 C:\wamp\www\SmartShop\vendor\laravel\framework\src\Illuminate\Routing\ControllerDispatcher.php(62): Illuminate\Routing\ControllerDispatcher->call(Object(BackEnd\ProductController), Object(Illuminate\Routing\Route), 'getProductAdd')
#12 C:\wamp\www\SmartShop\vendor\laravel\framework\src\Illuminate\Routing\Router.php(934): Illuminate\Routing\ControllerDispatcher->dispatch(Object(Illuminate\Routing\Route), Object(Illuminate\Http\Request), '\BackEnd\Produc...', 'getProductAdd')
#13 [internal function]: Illuminate\Routing\Router->Illuminate\Routing\{closure}()
#14 C:\wamp\www\SmartShop\vendor\laravel\framework\src\Illuminate\Routing\Route.php(105): call_user_func_array(Object(Closure), Array)
#15 C:\wamp\www\SmartShop\vendor\laravel\framework\src\Illuminate\Routing\Router.php(1000): Illuminate\Routing\Route->run(Object(Illuminate\Http\Request))
#16 C:\wamp\www\SmartShop\vendor\laravel\framework\src\Illuminate\Routing\Router.php(968): Illuminate\Routing\Router->dispatchToRoute(Object(Illuminate\Http\Request))
#17 C:\wamp\www\SmartShop\vendor\laravel\framework\src\Illuminate\Foundation\Application.php(738): Illuminate\Routing\Router->dispatch(Object(Illuminate\Http\Request))
#18 C:\wamp\www\SmartShop\vendor\laravel\framework\src\Illuminate\Foundation\Application.php(708): Illuminate\Foundation\Application->dispatch(Object(Illuminate\Http\Request))
#19 C:\wamp\www\SmartShop\vendor\laravel\framework\src\Illuminate\Http\FrameGuard.php(38): Illuminate\Foundation\Application->handle(Object(Illuminate\Http\Request), 1, true)
#20 C:\wamp\www\SmartShop\vendor\laravel\framework\src\Illuminate\Session\Middleware.php(72): Illuminate\Http\FrameGuard->handle(Object(Illuminate\Http\Request), 1, true)
#21 C:\wamp\www\SmartShop\vendor\laravel\framework\src\Illuminate\Cookie\Queue.php(47): Illuminate\Session\Middleware->handle(Object(Illuminate\Http\Request), 1, true)
#22 C:\wamp\www\SmartShop\vendor\laravel\framework\src\Illuminate\Cookie\Guard.php(51): Illuminate\Cookie\Queue->handle(Object(Illuminate\Http\Request), 1, true)
#23 C:\wamp\www\SmartShop\vendor\stack\builder\src\Stack\StackedHttpKernel.php(23): Illuminate\Cookie\Guard->handle(Object(Illuminate\Http\Request), 1, true)
#24 C:\wamp\www\SmartShop\vendor\laravel\framework\src\Illuminate\Foundation\Application.php(606): Stack\StackedHttpKernel->handle(Object(Illuminate\Http\Request))
#25 C:\wamp\www\SmartShop\index.php(49): Illuminate\Foundation\Application->run()
#26 {main} [] []
[2014-07-09 16:25:51] production.ERROR: exception 'Symfony\Component\Debug\Exception\FatalErrorException' with message 'syntax error, unexpected ';'' in C:\wamp\www\SmartShop\app\storage\views\86c2c761c3e499fa25102cacdd164396:534
Stack trace:
#0 [internal function]: Illuminate\Exception\Handler->handleShutdown()
#1 {main} [] []
[2014-07-09 16:26:07] production.ERROR: exception 'Symfony\Component\Debug\Exception\FatalErrorException' with message 'syntax error, unexpected '?'' in C:\wamp\www\SmartShop\app\storage\views\86c2c761c3e499fa25102cacdd164396:534
Stack trace:
#0 [internal function]: Illuminate\Exception\Handler->handleShutdown()
#1 {main} [] []
[2014-07-09 10:11:04] production.ERROR: exception 'ErrorException' with message 'filesize(): stat failed for http://localhost/SmartShop/backend/images/nophoto.gif' in C:\wamp\www\SmartShop\vendor\spescina\timthumb\src\Spescina\Timthumb\lib\timthumb\timthumb.php:446
Stack trace:
#0 [internal function]: Illuminate\Exception\Handler->handleError(2, 'filesize(): sta...', 'C:\wamp\www\Sma...', 446, Array)
#1 C:\wamp\www\SmartShop\vendor\spescina\timthumb\src\Spescina\Timthumb\lib\timthumb\timthumb.php(446): filesize('http://localhos...')
#2 C:\wamp\www\SmartShop\vendor\spescina\timthumb\src\Spescina\Timthumb\lib\timthumb\timthumb.php(314): Spescina\Timthumb\lib\timthumb\tt->serveInternalImage('http://localhos...')
#3 C:\wamp\www\SmartShop\vendor\spescina\timthumb\src\Spescina\Timthumb\TimthumbExt.php(17): Spescina\Timthumb\lib\timthumb\tt->handleErrors()
#4 C:\wamp\www\SmartShop\vendor\spescina\timthumb\src\Spescina\Timthumb\Timthumb.php(29): Spescina\Timthumb\TimthumbExt::start(Array)
#5 C:\wamp\www\SmartShop\vendor\laravel\framework\src\Illuminate\Support\Facades\Facade.php(217): Spescina\Timthumb\Timthumb::get('http://localhos...', '100', '60', '0')
#6 C:\wamp\www\SmartShop\vendor\spescina\timthumb\src\routes.php(6): Illuminate\Support\Facades\Facade::__callStatic('get', Array)
#7 C:\wamp\www\SmartShop\vendor\spescina\timthumb\src\routes.php(6): Spescina\Timthumb\Facades\Timthumb::get('http://localhos...', '100', '60', '0')
#8 [internal function]: Spescina\Timthumb\TimthumbServiceProvider->{closure}('100', '60', '0', 'http://localhos...')
#9 C:\wamp\www\SmartShop\vendor\laravel\framework\src\Illuminate\Routing\Route.php(105): call_user_func_array(Object(Closure), Array)
#10 C:\wamp\www\SmartShop\vendor\laravel\framework\src\Illuminate\Routing\Router.php(1000): Illuminate\Routing\Route->run(Object(Illuminate\Http\Request))
#11 C:\wamp\www\SmartShop\vendor\laravel\framework\src\Illuminate\Routing\Router.php(968): Illuminate\Routing\Router->dispatchToRoute(Object(Illuminate\Http\Request))
#12 C:\wamp\www\SmartShop\vendor\laravel\framework\src\Illuminate\Foundation\Application.php(738): Illuminate\Routing\Router->dispatch(Object(Illuminate\Http\Request))
#13 C:\wamp\www\SmartShop\vendor\laravel\framework\src\Illuminate\Foundation\Application.php(708): Illuminate\Foundation\Application->dispatch(Object(Illuminate\Http\Request))
#14 C:\wamp\www\SmartShop\vendor\laravel\framework\src\Illuminate\Http\FrameGuard.php(38): Illuminate\Foundation\Application->handle(Object(Illuminate\Http\Request), 1, true)
#15 C:\wamp\www\SmartShop\vendor\laravel\framework\src\Illuminate\Session\Middleware.php(72): Illuminate\Http\FrameGuard->handle(Object(Illuminate\Http\Request), 1, true)
#16 C:\wamp\www\SmartShop\vendor\laravel\framework\src\Illuminate\Cookie\Queue.php(47): Illuminate\Session\Middleware->handle(Object(Illuminate\Http\Request), 1, true)
#17 C:\wamp\www\SmartShop\vendor\laravel\framework\src\Illuminate\Cookie\Guard.php(51): Illuminate\Cookie\Queue->handle(Object(Illuminate\Http\Request), 1, true)
#18 C:\wamp\www\SmartShop\vendor\stack\builder\src\Stack\StackedHttpKernel.php(23): Illuminate\Cookie\Guard->handle(Object(Illuminate\Http\Request), 1, true)
#19 C:\wamp\www\SmartShop\vendor\laravel\framework\src\Illuminate\Foundation\Application.php(606): Stack\StackedHttpKernel->handle(Object(Illuminate\Http\Request))
#20 C:\wamp\www\SmartShop\index.php(49): Illuminate\Foundation\Application->run()
#21 {main} [] []
[2014-07-09 17:23:32] production.ERROR: exception 'ErrorException' with message 'Array to string conversion' in C:\wamp\www\SmartShop\app\storage\views\86c2c761c3e499fa25102cacdd164396:549
Stack trace:
#0 C:\wamp\www\SmartShop\app\storage\views\86c2c761c3e499fa25102cacdd164396(549): Illuminate\Exception\Handler->handleError(8, 'Array to string...', 'C:\wamp\www\Sma...', 549, Array)
#1 C:\wamp\www\SmartShop\vendor\laravel\framework\src\Illuminate\View\Engines\PhpEngine.php(37): include('C:\wamp\www\Sma...')
#2 C:\wamp\www\SmartShop\vendor\laravel\framework\src\Illuminate\View\Engines\CompilerEngine.php(56): Illuminate\View\Engines\PhpEngine->evaluatePath('C:\wamp\www\Sma...', Array)
#3 C:\wamp\www\SmartShop\vendor\laravel\framework\src\Illuminate\View\View.php(134): Illuminate\View\Engines\CompilerEngine->get('C:\wamp\www\Sma...', Array)
#4 C:\wamp\www\SmartShop\vendor\laravel\framework\src\Illuminate\View\View.php(102): Illuminate\View\View->getContents()
#5 C:\wamp\www\SmartShop\vendor\laravel\framework\src\Illuminate\View\View.php(76): Illuminate\View\View->renderContents()
#6 C:\wamp\www\SmartShop\vendor\laravel\framework\src\Illuminate\Http\Response.php(70): Illuminate\View\View->render()
#7 C:\wamp\www\SmartShop\vendor\symfony\http-foundation\Symfony\Component\HttpFoundation\Response.php(202): Illuminate\Http\Response->setContent(Object(Illuminate\View\View))
#8 C:\wamp\www\SmartShop\vendor\laravel\framework\src\Illuminate\Routing\Router.php(1427): Symfony\Component\HttpFoundation\Response->__construct(Object(Illuminate\View\View))
#9 C:\wamp\www\SmartShop\vendor\laravel\framework\src\Illuminate\Routing\Router.php(1003): Illuminate\Routing\Router->prepareResponse(Object(Illuminate\Http\Request), Object(Illuminate\View\View))
#10 C:\wamp\www\SmartShop\vendor\laravel\framework\src\Illuminate\Routing\Router.php(968): Illuminate\Routing\Router->dispatchToRoute(Object(Illuminate\Http\Request))
#11 C:\wamp\www\SmartShop\vendor\laravel\framework\src\Illuminate\Foundation\Application.php(738): Illuminate\Routing\Router->dispatch(Object(Illuminate\Http\Request))
#12 C:\wamp\www\SmartShop\vendor\laravel\framework\src\Illuminate\Foundation\Application.php(708): Illuminate\Foundation\Application->dispatch(Object(Illuminate\Http\Request))
#13 C:\wamp\www\SmartShop\vendor\laravel\framework\src\Illuminate\Http\FrameGuard.php(38): Illuminate\Foundation\Application->handle(Object(Illuminate\Http\Request), 1, true)
#14 C:\wamp\www\SmartShop\vendor\laravel\framework\src\Illuminate\Session\Middleware.php(72): Illuminate\Http\FrameGuard->handle(Object(Illuminate\Http\Request), 1, true)
#15 C:\wamp\www\SmartShop\vendor\laravel\framework\src\Illuminate\Cookie\Queue.php(47): Illuminate\Session\Middleware->handle(Object(Illuminate\Http\Request), 1, true)
#16 C:\wamp\www\SmartShop\vendor\laravel\framework\src\Illuminate\Cookie\Guard.php(51): Illuminate\Cookie\Queue->handle(Object(Illuminate\Http\Request), 1, true)
#17 C:\wamp\www\SmartShop\vendor\stack\builder\src\Stack\StackedHttpKernel.php(23): Illuminate\Cookie\Guard->handle(Object(Illuminate\Http\Request), 1, true)
#18 C:\wamp\www\SmartShop\vendor\laravel\framework\src\Illuminate\Foundation\Application.php(606): Stack\StackedHttpKernel->handle(Object(Illuminate\Http\Request))
#19 C:\wamp\www\SmartShop\index.php(49): Illuminate\Foundation\Application->run()
#20 {main}

Next exception 'ErrorException' with message 'Array to string conversion (View: C:\wamp\www\SmartShop\app\views\backend\product\addproduct.blade.php)' in C:\wamp\www\SmartShop\app\storage\views\86c2c761c3e499fa25102cacdd164396:549
Stack trace:
#0 C:\wamp\www\SmartShop\vendor\laravel\framework\src\Illuminate\View\Engines\PhpEngine.php(41): Illuminate\View\Engines\CompilerEngine->handleViewException(Object(ErrorException))
#1 C:\wamp\www\SmartShop\vendor\laravel\framework\src\Illuminate\View\Engines\CompilerEngine.php(56): Illuminate\View\Engines\PhpEngine->evaluatePath('C:\wamp\www\Sma...', Array)
#2 C:\wamp\www\SmartShop\vendor\laravel\framework\src\Illuminate\View\View.php(134): Illuminate\View\Engines\CompilerEngine->get('C:\wamp\www\Sma...', Array)
#3 C:\wamp\www\SmartShop\vendor\laravel\framework\src\Illuminate\View\View.php(102): Illuminate\View\View->getContents()
#4 C:\wamp\www\SmartShop\vendor\laravel\framework\src\Illuminate\View\View.php(76): Illuminate\View\View->renderContents()
#5 C:\wamp\www\SmartShop\vendor\laravel\framework\src\Illuminate\Http\Response.php(70): Illuminate\View\View->render()
#6 C:\wamp\www\SmartShop\vendor\symfony\http-foundation\Symfony\Component\HttpFoundation\Response.php(202): Illuminate\Http\Response->setContent(Object(Illuminate\View\View))
#7 C:\wamp\www\SmartShop\vendor\laravel\framework\src\Illuminate\Routing\Router.php(1427): Symfony\Component\HttpFoundation\Response->__construct(Object(Illuminate\View\View))
#8 C:\wamp\www\SmartShop\vendor\laravel\framework\src\Illuminate\Routing\Router.php(1003): Illuminate\Routing\Router->prepareResponse(Object(Illuminate\Http\Request), Object(Illuminate\View\View))
#9 C:\wamp\www\SmartShop\vendor\laravel\framework\src\Illuminate\Routing\Router.php(968): Illuminate\Routing\Router->dispatchToRoute(Object(Illuminate\Http\Request))
#10 C:\wamp\www\SmartShop\vendor\laravel\framework\src\Illuminate\Foundation\Application.php(738): Illuminate\Routing\Router->dispatch(Object(Illuminate\Http\Request))
#11 C:\wamp\www\SmartShop\vendor\laravel\framework\src\Illuminate\Foundation\Application.php(708): Illuminate\Foundation\Application->dispatch(Object(Illuminate\Http\Request))
#12 C:\wamp\www\SmartShop\vendor\laravel\framework\src\Illuminate\Http\FrameGuard.php(38): Illuminate\Foundation\Application->handle(Object(Illuminate\Http\Request), 1, true)
#13 C:\wamp\www\SmartShop\vendor\laravel\framework\src\Illuminate\Session\Middleware.php(72): Illuminate\Http\FrameGuard->handle(Object(Illuminate\Http\Request), 1, true)
#14 C:\wamp\www\SmartShop\vendor\laravel\framework\src\Illuminate\Cookie\Queue.php(47): Illuminate\Session\Middleware->handle(Object(Illuminate\Http\Request), 1, true)
#15 C:\wamp\www\SmartShop\vendor\laravel\framework\src\Illuminate\Cookie\Guard.php(51): Illuminate\Cookie\Queue->handle(Object(Illuminate\Http\Request), 1, true)
#16 C:\wamp\www\SmartShop\vendor\stack\builder\src\Stack\StackedHttpKernel.php(23): Illuminate\Cookie\Guard->handle(Object(Illuminate\Http\Request), 1, true)
#17 C:\wamp\www\SmartShop\vendor\laravel\framework\src\Illuminate\Foundation\Application.php(606): Stack\StackedHttpKernel->handle(Object(Illuminate\Http\Request))
#18 C:\wamp\www\SmartShop\index.php(49): Illuminate\Foundation\Application->run()
#19 {main} [] []
