[2014-07-09 09:21:35] production.ERROR: exception 'Symfony\Component\Debug\Exception\FatalErrorException' with message 'Class 'BackEnd\tblColorModel' not found' in C:\wamp\www\SmartShop\app\controllers\backend\ProductController.php:45
Stack trace:
#0 [internal function]: Illuminate\Exception\Handler->handleShutdown()
#1 {main} [] []
[2014-07-09 09:27:00] production.ERROR: exception 'Symfony\Component\Debug\Exception\FatalErrorException' with message 'Class 'BackEnd\test\BaseController' not found' in C:\wamp\www\SmartShop\app\controllers\backend\test\test.php:9
Stack trace:
#0 [internal function]: Illuminate\Exception\Handler->handleShutdown()
#1 {main} [] []
[2014-07-09 09:32:33] production.ERROR: exception 'Symfony\Component\Debug\Exception\FatalErrorException' with message 'Class 'BackEnd\test\BaseController' not found' in C:\wamp\www\SmartShop\app\controllers\backend\test\test.php:9
Stack trace:
#0 [internal function]: Illuminate\Exception\Handler->handleShutdown()
#1 {main} [] []
[2014-07-09 15:43:07] production.ERROR: exception 'ErrorException' with message 'include(C:\wamp\www\Admin_TongHop_CamDo/app/controllers/backend/TestController.php): failed to open stream: No such file or directory' in C:\wamp\www\Admin_TongHop_CamDo\vendor\composer\ClassLoader.php:377
Stack trace:
#0 C:\wamp\www\Admin_TongHop_CamDo\vendor\composer\ClassLoader.php(377): Illuminate\Exception\Handler->handleError(2, 'include(C:\wamp...', 'C:\wamp\www\Adm...', 377, Array)
#1 C:\wamp\www\Admin_TongHop_CamDo\vendor\composer\ClassLoader.php(377): Composer\Autoload\includeFile()
#2 C:\wamp\www\Admin_TongHop_CamDo\vendor\composer\ClassLoader.php(269): Composer\Autoload\includeFile('C:\wamp\www\Adm...')
#3 [internal function]: Composer\Autoload\ClassLoader->loadClass('BackEnd\TestCon...')
#4 [internal function]: spl_autoload_call('BackEnd\TestCon...')
#5 C:\wamp\www\Admin_TongHop_CamDo\vendor\laravel\framework\src\Illuminate\Routing\ControllerInspector.php(28): ReflectionClass->__construct('\BackEnd\TestCo...')
#6 C:\wamp\www\Admin_TongHop_CamDo\vendor\laravel\framework\src\Illuminate\Routing\Router.php(269): Illuminate\Routing\ControllerInspector->getRoutable('\BackEnd\TestCo...', 'test')
#7 C:\wamp\www\Admin_TongHop_CamDo\vendor\laravel\framework\src\Illuminate\Support\Facades\Facade.php(211): Illuminate\Routing\Router->controller('test', '\BackEnd\TestCo...')
#8 C:\wamp\www\Admin_TongHop_CamDo\app\routes.php(57): Illuminate\Support\Facades\Facade::__callStatic('controller', Array)
#9 C:\wamp\www\Admin_TongHop_CamDo\app\routes.php(57): Illuminate\Support\Facades\Route::controller('test', '\BackEnd\TestCo...')
#10 [internal function]: {closure}(Object(Illuminate\Routing\Router))
#11 C:\wamp\www\Admin_TongHop_CamDo\vendor\laravel\framework\src\Illuminate\Routing\Router.php(679): call_user_func(Object(Closure), Object(Illuminate\Routing\Router))
#12 C:\wamp\www\Admin_TongHop_CamDo\vendor\laravel\framework\src\Illuminate\Support\Facades\Facade.php(211): Illuminate\Routing\Router->group(Array, Object(Closure))
#13 C:\wamp\www\Admin_TongHop_CamDo\app\routes.php(59): Illuminate\Support\Facades\Facade::__callStatic('group', Array)
#14 C:\wamp\www\Admin_TongHop_CamDo\app\routes.php(59): Illuminate\Support\Facades\Route::group(Array, Object(Closure))
#15 [internal function]: {closure}(Object(Illuminate\Routing\Router))
#16 C:\wamp\www\Admin_TongHop_CamDo\vendor\laravel\framework\src\Illuminate\Routing\Router.php(679): call_user_func(Object(Closure), Object(Illuminate\Routing\Router))
#17 C:\wamp\www\Admin_TongHop_CamDo\vendor\laravel\framework\src\Illuminate\Support\Facades\Facade.php(211): Illuminate\Routing\Router->group(Array, Object(Closure))
#18 C:\wamp\www\Admin_TongHop_CamDo\app\routes.php(60): Illuminate\Support\Facades\Facade::__callStatic('group', Array)
#19 C:\wamp\www\Admin_TongHop_CamDo\app\routes.php(60): Illuminate\Support\Facades\Route::group(Array, Object(Closure))
#20 C:\wamp\www\Admin_TongHop_CamDo\vendor\laravel\framework\src\Illuminate\Foundation\start.php(269): require('C:\wamp\www\Adm...')
#21 [internal function]: {closure}(Object(Illuminate\Foundation\Application))
#22 C:\wamp\www\Admin_TongHop_CamDo\vendor\laravel\framework\src\Illuminate\Foundation\Application.php(792): call_user_func(Object(Closure), Object(Illuminate\Foundation\Application))
#23 C:\wamp\www\Admin_TongHop_CamDo\vendor\laravel\framework\src\Illuminate\Foundation\Application.php(569): Illuminate\Foundation\Application->fireAppCallbacks(Array)
#24 C:\wamp\www\Admin_TongHop_CamDo\vendor\laravel\framework\src\Illuminate\Foundation\Application.php(552): Illuminate\Foundation\Application->bootApplication()
#25 C:\wamp\www\Admin_TongHop_CamDo\vendor\laravel\framework\src\Illuminate\Foundation\Application.php(706): Illuminate\Foundation\Application->boot()
#26 C:\wamp\www\Admin_TongHop_CamDo\vendor\laravel\framework\src\Illuminate\Http\FrameGuard.php(38): Illuminate\Foundation\Application->handle(Object(Illuminate\Http\Request), 1, true)
#27 C:\wamp\www\Admin_TongHop_CamDo\vendor\laravel\framework\src\Illuminate\Session\Middleware.php(72): Illuminate\Http\FrameGuard->handle(Object(Illuminate\Http\Request), 1, true)
#28 C:\wamp\www\Admin_TongHop_CamDo\vendor\laravel\framework\src\Illuminate\Cookie\Queue.php(47): Illuminate\Session\Middleware->handle(Object(Illuminate\Http\Request), 1, true)
#29 C:\wamp\www\Admin_TongHop_CamDo\vendor\laravel\framework\src\Illuminate\Cookie\Guard.php(51): Illuminate\Cookie\Queue->handle(Object(Illuminate\Http\Request), 1, true)
#30 C:\wamp\www\Admin_TongHop_CamDo\vendor\stack\builder\src\Stack\StackedHttpKernel.php(23): Illuminate\Cookie\Guard->handle(Object(Illuminate\Http\Request), 1, true)
#31 C:\wamp\www\Admin_TongHop_CamDo\vendor\laravel\framework\src\Illuminate\Foundation\Application.php(606): Stack\StackedHttpKernel->handle(Object(Illuminate\Http\Request))
#32 C:\wamp\www\Admin_TongHop_CamDo\index.php(49): Illuminate\Foundation\Application->run()
#33 {main} [] []
[2014-07-09 15:43:29] production.ERROR: exception 'ErrorException' with message 'Undefined offset: 1' in C:\wamp\www\Admin_TongHop_CamDo\vendor\laravel\framework\src\Illuminate\Routing\Router.php:932
Stack trace:
#0 C:\wamp\www\Admin_TongHop_CamDo\vendor\laravel\framework\src\Illuminate\Routing\Router.php(932): Illuminate\Exception\Handler->handleError(8, 'Undefined offse...', 'C:\wamp\www\Adm...', 932, Array)
#1 [internal function]: Illuminate\Routing\Router->Illuminate\Routing\{closure}()
#2 C:\wamp\www\Admin_TongHop_CamDo\vendor\laravel\framework\src\Illuminate\Routing\Route.php(105): call_user_func_array(Object(Closure), Array)
#3 C:\wamp\www\Admin_TongHop_CamDo\vendor\laravel\framework\src\Illuminate\Routing\Router.php(1000): Illuminate\Routing\Route->run(Object(Illuminate\Http\Request))
#4 C:\wamp\www\Admin_TongHop_CamDo\vendor\laravel\framework\src\Illuminate\Routing\Router.php(968): Illuminate\Routing\Router->dispatchToRoute(Object(Illuminate\Http\Request))
#5 C:\wamp\www\Admin_TongHop_CamDo\vendor\laravel\framework\src\Illuminate\Foundation\Application.php(738): Illuminate\Routing\Router->dispatch(Object(Illuminate\Http\Request))
#6 C:\wamp\www\Admin_TongHop_CamDo\vendor\laravel\framework\src\Illuminate\Foundation\Application.php(708): Illuminate\Foundation\Application->dispatch(Object(Illuminate\Http\Request))
#7 C:\wamp\www\Admin_TongHop_CamDo\vendor\laravel\framework\src\Illuminate\Http\FrameGuard.php(38): Illuminate\Foundation\Application->handle(Object(Illuminate\Http\Request), 1, true)
#8 C:\wamp\www\Admin_TongHop_CamDo\vendor\laravel\framework\src\Illuminate\Session\Middleware.php(72): Illuminate\Http\FrameGuard->handle(Object(Illuminate\Http\Request), 1, true)
#9 C:\wamp\www\Admin_TongHop_CamDo\vendor\laravel\framework\src\Illuminate\Cookie\Queue.php(47): Illuminate\Session\Middleware->handle(Object(Illuminate\Http\Request), 1, true)
#10 C:\wamp\www\Admin_TongHop_CamDo\vendor\laravel\framework\src\Illuminate\Cookie\Guard.php(51): Illuminate\Cookie\Queue->handle(Object(Illuminate\Http\Request), 1, true)
#11 C:\wamp\www\Admin_TongHop_CamDo\vendor\stack\builder\src\Stack\StackedHttpKernel.php(23): Illuminate\Cookie\Guard->handle(Object(Illuminate\Http\Request), 1, true)
#12 C:\wamp\www\Admin_TongHop_CamDo\vendor\laravel\framework\src\Illuminate\Foundation\Application.php(606): Stack\StackedHttpKernel->handle(Object(Illuminate\Http\Request))
#13 C:\wamp\www\Admin_TongHop_CamDo\index.php(49): Illuminate\Foundation\Application->run()
#14 {main} [] []
[2014-07-09 15:43:43] production.ERROR: exception 'ErrorException' with message 'Undefined offset: 1' in C:\wamp\www\Admin_TongHop_CamDo\vendor\laravel\framework\src\Illuminate\Routing\Router.php:932
Stack trace:
#0 C:\wamp\www\Admin_TongHop_CamDo\vendor\laravel\framework\src\Illuminate\Routing\Router.php(932): Illuminate\Exception\Handler->handleError(8, 'Undefined offse...', 'C:\wamp\www\Adm...', 932, Array)
#1 [internal function]: Illuminate\Routing\Router->Illuminate\Routing\{closure}()
#2 C:\wamp\www\Admin_TongHop_CamDo\vendor\laravel\framework\src\Illuminate\Routing\Route.php(105): call_user_func_array(Object(Closure), Array)
#3 C:\wamp\www\Admin_TongHop_CamDo\vendor\laravel\framework\src\Illuminate\Routing\Router.php(1000): Illuminate\Routing\Route->run(Object(Illuminate\Http\Request))
#4 C:\wamp\www\Admin_TongHop_CamDo\vendor\laravel\framework\src\Illuminate\Routing\Router.php(968): Illuminate\Routing\Router->dispatchToRoute(Object(Illuminate\Http\Request))
#5 C:\wamp\www\Admin_TongHop_CamDo\vendor\laravel\framework\src\Illuminate\Foundation\Application.php(738): Illuminate\Routing\Router->dispatch(Object(Illuminate\Http\Request))
#6 C:\wamp\www\Admin_TongHop_CamDo\vendor\laravel\framework\src\Illuminate\Foundation\Application.php(708): Illuminate\Foundation\Application->dispatch(Object(Illuminate\Http\Request))
#7 C:\wamp\www\Admin_TongHop_CamDo\vendor\laravel\framework\src\Illuminate\Http\FrameGuard.php(38): Illuminate\Foundation\Application->handle(Object(Illuminate\Http\Request), 1, true)
#8 C:\wamp\www\Admin_TongHop_CamDo\vendor\laravel\framework\src\Illuminate\Session\Middleware.php(72): Illuminate\Http\FrameGuard->handle(Object(Illuminate\Http\Request), 1, true)
#9 C:\wamp\www\Admin_TongHop_CamDo\vendor\laravel\framework\src\Illuminate\Cookie\Queue.php(47): Illuminate\Session\Middleware->handle(Object(Illuminate\Http\Request), 1, true)
#10 C:\wamp\www\Admin_TongHop_CamDo\vendor\laravel\framework\src\Illuminate\Cookie\Guard.php(51): Illuminate\Cookie\Queue->handle(Object(Illuminate\Http\Request), 1, true)
#11 C:\wamp\www\Admin_TongHop_CamDo\vendor\stack\builder\src\Stack\StackedHttpKernel.php(23): Illuminate\Cookie\Guard->handle(Object(Illuminate\Http\Request), 1, true)
#12 C:\wamp\www\Admin_TongHop_CamDo\vendor\laravel\framework\src\Illuminate\Foundation\Application.php(606): Stack\StackedHttpKernel->handle(Object(Illuminate\Http\Request))
#13 C:\wamp\www\Admin_TongHop_CamDo\index.php(49): Illuminate\Foundation\Application->run()
#14 {main} [] []
[2014-07-09 15:43:59] production.ERROR: NotFoundHttpException Route: http://localhost/Admin_TongHop_CamDo/admin/user/login [] []
[2014-07-09 15:43:59] production.ERROR: exception 'Symfony\Component\HttpKernel\Exception\NotFoundHttpException' with message 'Controller method not found.' in C:\wamp\www\Admin_TongHop_CamDo\vendor\laravel\framework\src\Illuminate\Routing\Controller.php:254
Stack trace:
#0 [internal function]: Illuminate\Routing\Controller->missingMethod(Array)
#1 C:\wamp\www\Admin_TongHop_CamDo\vendor\laravel\framework\src\Illuminate\Routing\Controller.php(231): call_user_func_array(Array, Array)
#2 C:\wamp\www\Admin_TongHop_CamDo\vendor\laravel\framework\src\Illuminate\Routing\ControllerDispatcher.php(93): Illuminate\Routing\Controller->callAction('missingMethod', Array)
#3 C:\wamp\www\Admin_TongHop_CamDo\vendor\laravel\framework\src\Illuminate\Routing\ControllerDispatcher.php(62): Illuminate\Routing\ControllerDispatcher->call(Object(BackEnd\HomeController), Object(Illuminate\Routing\Route), 'missingMethod')
#4 C:\wamp\www\Admin_TongHop_CamDo\vendor\laravel\framework\src\Illuminate\Routing\Router.php(934): Illuminate\Routing\ControllerDispatcher->dispatch(Object(Illuminate\Routing\Route), Object(Illuminate\Http\Request), '\BackEnd\HomeCo...', 'missingMethod')
#5 [internal function]: Illuminate\Routing\Router->Illuminate\Routing\{closure}(Array)
#6 C:\wamp\www\Admin_TongHop_CamDo\vendor\laravel\framework\src\Illuminate\Routing\Route.php(105): call_user_func_array(Object(Closure), Array)
#7 C:\wamp\www\Admin_TongHop_CamDo\vendor\laravel\framework\src\Illuminate\Routing\Router.php(1000): Illuminate\Routing\Route->run(Object(Illuminate\Http\Request))
#8 C:\wamp\www\Admin_TongHop_CamDo\vendor\laravel\framework\src\Illuminate\Routing\Router.php(968): Illuminate\Routing\Router->dispatchToRoute(Object(Illuminate\Http\Request))
#9 C:\wamp\www\Admin_TongHop_CamDo\vendor\laravel\framework\src\Illuminate\Foundation\Application.php(738): Illuminate\Routing\Router->dispatch(Object(Illuminate\Http\Request))
#10 C:\wamp\www\Admin_TongHop_CamDo\vendor\laravel\framework\src\Illuminate\Foundation\Application.php(708): Illuminate\Foundation\Application->dispatch(Object(Illuminate\Http\Request))
#11 C:\wamp\www\Admin_TongHop_CamDo\vendor\laravel\framework\src\Illuminate\Http\FrameGuard.php(38): Illuminate\Foundation\Application->handle(Object(Illuminate\Http\Request), 1, true)
#12 C:\wamp\www\Admin_TongHop_CamDo\vendor\laravel\framework\src\Illuminate\Session\Middleware.php(72): Illuminate\Http\FrameGuard->handle(Object(Illuminate\Http\Request), 1, true)
#13 C:\wamp\www\Admin_TongHop_CamDo\vendor\laravel\framework\src\Illuminate\Cookie\Queue.php(47): Illuminate\Session\Middleware->handle(Object(Illuminate\Http\Request), 1, true)
#14 C:\wamp\www\Admin_TongHop_CamDo\vendor\laravel\framework\src\Illuminate\Cookie\Guard.php(51): Illuminate\Cookie\Queue->handle(Object(Illuminate\Http\Request), 1, true)
#15 C:\wamp\www\Admin_TongHop_CamDo\vendor\stack\builder\src\Stack\StackedHttpKernel.php(23): Illuminate\Cookie\Guard->handle(Object(Illuminate\Http\Request), 1, true)
#16 C:\wamp\www\Admin_TongHop_CamDo\vendor\laravel\framework\src\Illuminate\Foundation\Application.php(606): Stack\StackedHttpKernel->handle(Object(Illuminate\Http\Request))
#17 C:\wamp\www\Admin_TongHop_CamDo\index.php(49): Illuminate\Foundation\Application->run()
#18 {main} [] []
[2014-07-09 15:44:06] production.ERROR: exception 'InvalidArgumentException' with message 'View [templateadmin2.admin-home] not found.' in C:\wamp\www\Admin_TongHop_CamDo\vendor\laravel\framework\src\Illuminate\View\FileViewFinder.php:139
Stack trace:
#0 C:\wamp\www\Admin_TongHop_CamDo\vendor\laravel\framework\src\Illuminate\View\FileViewFinder.php(76): Illuminate\View\FileViewFinder->findInPaths('templateadmin2....', Array)
#1 C:\wamp\www\Admin_TongHop_CamDo\vendor\laravel\framework\src\Illuminate\View\Environment.php(115): Illuminate\View\FileViewFinder->find('templateadmin2....')
#2 C:\wamp\www\Admin_TongHop_CamDo\vendor\laravel\framework\src\Illuminate\Support\Facades\Facade.php(208): Illuminate\View\Environment->make('templateadmin2....')
#3 C:\wamp\www\Admin_TongHop_CamDo\app\controllers\backend\LoginController.php(117): Illuminate\Support\Facades\Facade::__callStatic('make', Array)
#4 C:\wamp\www\Admin_TongHop_CamDo\app\controllers\backend\LoginController.php(117): Illuminate\Support\Facades\View::make('templateadmin2....')
#5 [internal function]: BackEnd\LoginController->getHomeAdmin()
#6 C:\wamp\www\Admin_TongHop_CamDo\vendor\laravel\framework\src\Illuminate\Routing\Controller.php(231): call_user_func_array(Array, Array)
#7 C:\wamp\www\Admin_TongHop_CamDo\vendor\laravel\framework\src\Illuminate\Routing\ControllerDispatcher.php(93): Illuminate\Routing\Controller->callAction('getHomeAdmin', Array)
#8 C:\wamp\www\Admin_TongHop_CamDo\vendor\laravel\framework\src\Illuminate\Routing\ControllerDispatcher.php(62): Illuminate\Routing\ControllerDispatcher->call(Object(BackEnd\LoginController), Object(Illuminate\Routing\Route), 'getHomeAdmin')
#9 C:\wamp\www\Admin_TongHop_CamDo\vendor\laravel\framework\src\Illuminate\Routing\Router.php(934): Illuminate\Routing\ControllerDispatcher->dispatch(Object(Illuminate\Routing\Route), Object(Illuminate\Http\Request), '\BackEnd\LoginC...', 'getHomeAdmin')
#10 [internal function]: Illuminate\Routing\Router->Illuminate\Routing\{closure}()
#11 C:\wamp\www\Admin_TongHop_CamDo\vendor\laravel\framework\src\Illuminate\Routing\Route.php(105): call_user_func_array(Object(Closure), Array)
#12 C:\wamp\www\Admin_TongHop_CamDo\vendor\laravel\framework\src\Illuminate\Routing\Router.php(1000): Illuminate\Routing\Route->run(Object(Illuminate\Http\Request))
#13 C:\wamp\www\Admin_TongHop_CamDo\vendor\laravel\framework\src\Illuminate\Routing\Router.php(968): Illuminate\Routing\Router->dispatchToRoute(Object(Illuminate\Http\Request))
#14 C:\wamp\www\Admin_TongHop_CamDo\vendor\laravel\framework\src\Illuminate\Foundation\Application.php(738): Illuminate\Routing\Router->dispatch(Object(Illuminate\Http\Request))
#15 C:\wamp\www\Admin_TongHop_CamDo\vendor\laravel\framework\src\Illuminate\Foundation\Application.php(708): Illuminate\Foundation\Application->dispatch(Object(Illuminate\Http\Request))
#16 C:\wamp\www\Admin_TongHop_CamDo\vendor\laravel\framework\src\Illuminate\Http\FrameGuard.php(38): Illuminate\Foundation\Application->handle(Object(Illuminate\Http\Request), 1, true)
#17 C:\wamp\www\Admin_TongHop_CamDo\vendor\laravel\framework\src\Illuminate\Session\Middleware.php(72): Illuminate\Http\FrameGuard->handle(Object(Illuminate\Http\Request), 1, true)
#18 C:\wamp\www\Admin_TongHop_CamDo\vendor\laravel\framework\src\Illuminate\Cookie\Queue.php(47): Illuminate\Session\Middleware->handle(Object(Illuminate\Http\Request), 1, true)
#19 C:\wamp\www\Admin_TongHop_CamDo\vendor\laravel\framework\src\Illuminate\Cookie\Guard.php(51): Illuminate\Cookie\Queue->handle(Object(Illuminate\Http\Request), 1, true)
#20 C:\wamp\www\Admin_TongHop_CamDo\vendor\stack\builder\src\Stack\StackedHttpKernel.php(23): Illuminate\Cookie\Guard->handle(Object(Illuminate\Http\Request), 1, true)
#21 C:\wamp\www\Admin_TongHop_CamDo\vendor\laravel\framework\src\Illuminate\Foundation\Application.php(606): Stack\StackedHttpKernel->handle(Object(Illuminate\Http\Request))
#22 C:\wamp\www\Admin_TongHop_CamDo\index.php(49): Illuminate\Foundation\Application->run()
#23 {main} [] []
