[2014-04-02 16:45:44] production.ERROR: exception 'BadMethodCallException' with message 'Call to undefined method Illuminate\Database\Query\Builder::getTagByCateID()' in G:\WAMP\www\TemplateAdmin\vendor\laravel\framework\src\Illuminate\Database\Query\Builder.php:1891
Stack trace:
#0 [internal function]: Illuminate\Database\Query\Builder->__call('getTagByCateID', Array)
#1 [internal function]: Illuminate\Database\Query\Builder->getTagByCateID(7)
#2 G:\WAMP\www\TemplateAdmin\vendor\laravel\framework\src\Illuminate\Database\Eloquent\Builder.php(912): call_user_func_array(Array, Array)
#3 [internal function]: Illuminate\Database\Eloquent\Builder->__call('getTagByCateID', Array)
#4 [internal function]: Illuminate\Database\Eloquent\Builder->getTagByCateID(7)
#5 G:\WAMP\www\TemplateAdmin\vendor\laravel\framework\src\Illuminate\Database\Eloquent\Model.php(2842): call_user_func_array(Array, Array)
#6 G:\WAMP\www\TemplateAdmin\app\controllers\ProductController.php(86): Illuminate\Database\Eloquent\Model->__call('getTagByCateID', Array)
#7 G:\WAMP\www\TemplateAdmin\app\controllers\ProductController.php(86): tblTagModel->getTagByCateID(7)
#8 [internal function]: ProductController->getEditProduct()
#9 G:\WAMP\www\TemplateAdmin\vendor\laravel\framework\src\Illuminate\Routing\Controller.php(194): call_user_func_array(Array, Array)
#10 G:\WAMP\www\TemplateAdmin\vendor\laravel\framework\src\Illuminate\Routing\ControllerDispatcher.php(93): Illuminate\Routing\Controller->callAction('getEditProduct', Array)
#11 G:\WAMP\www\TemplateAdmin\vendor\laravel\framework\src\Illuminate\Routing\ControllerDispatcher.php(62): Illuminate\Routing\ControllerDispatcher->call(Object(ProductController), Object(Illuminate\Routing\Route), 'getEditProduct')
#12 G:\WAMP\www\TemplateAdmin\vendor\laravel\framework\src\Illuminate\Routing\Router.php(934): Illuminate\Routing\ControllerDispatcher->dispatch(Object(Illuminate\Routing\Route), Object(Illuminate\Http\Request), 'ProductControll...', 'getEditProduct')
#13 [internal function]: Illuminate\Routing\Router->Illuminate\Routing\{closure}()
#14 G:\WAMP\www\TemplateAdmin\vendor\laravel\framework\src\Illuminate\Routing\Route.php(105): call_user_func_array(Object(Closure), Array)
#15 G:\WAMP\www\TemplateAdmin\vendor\laravel\framework\src\Illuminate\Routing\Router.php(1000): Illuminate\Routing\Route->run(Object(Illuminate\Http\Request))
#16 G:\WAMP\www\TemplateAdmin\vendor\laravel\framework\src\Illuminate\Routing\Router.php(968): Illuminate\Routing\Router->dispatchToRoute(Object(Illuminate\Http\Request))
#17 G:\WAMP\www\TemplateAdmin\vendor\laravel\framework\src\Illuminate\Foundation\Application.php(738): Illuminate\Routing\Router->dispatch(Object(Illuminate\Http\Request))
#18 G:\WAMP\www\TemplateAdmin\vendor\laravel\framework\src\Illuminate\Foundation\Application.php(708): Illuminate\Foundation\Application->dispatch(Object(Illuminate\Http\Request))
#19 G:\WAMP\www\TemplateAdmin\vendor\laravel\framework\src\Illuminate\Http\FrameGuard.php(38): Illuminate\Foundation\Application->handle(Object(Illuminate\Http\Request), 1, true)
#20 G:\WAMP\www\TemplateAdmin\vendor\laravel\framework\src\Illuminate\Session\Middleware.php(72): Illuminate\Http\FrameGuard->handle(Object(Illuminate\Http\Request), 1, true)
#21 G:\WAMP\www\TemplateAdmin\vendor\laravel\framework\src\Illuminate\Cookie\Queue.php(47): Illuminate\Session\Middleware->handle(Object(Illuminate\Http\Request), 1, true)
#22 G:\WAMP\www\TemplateAdmin\vendor\laravel\framework\src\Illuminate\Cookie\Guard.php(51): Illuminate\Cookie\Queue->handle(Object(Illuminate\Http\Request), 1, true)
#23 G:\WAMP\www\TemplateAdmin\vendor\stack\builder\src\Stack\StackedHttpKernel.php(23): Illuminate\Cookie\Guard->handle(Object(Illuminate\Http\Request), 1, true)
#24 G:\WAMP\www\TemplateAdmin\vendor\laravel\framework\src\Illuminate\Foundation\Application.php(606): Stack\StackedHttpKernel->handle(Object(Illuminate\Http\Request))
#25 G:\WAMP\www\TemplateAdmin\public\index.php(49): Illuminate\Foundation\Application->run()
#26 {main} [] []
[2014-04-02 17:52:38] production.ERROR: exception 'Symfony\Component\Debug\Exception\FatalErrorException' with message 'syntax error, unexpected ''); ?>);' (T_CONSTANT_ENCAPSED_STRING)' in G:\WAMP\www\TemplateAdmin\app\storage\views\85f2c0b6558edc49dddfd464f3427683:27
Stack trace:
#0 [internal function]: Illuminate\Exception\Handler->handleShutdown()
#1 {main} [] []
